<?xml version="1.0" encoding="UTF-8"?>
<!-- Generated by org.testng.reporters.JUnitReportReporter -->
<testsuite hostname="DESKTOP-5E6J3PQ" failures="0" tests="1" name="org.example.TestRunner.TestRunner" time="12.818" errors="0" timestamp="2022-11-24T21:52:19 EET" skipped="0">
  <testcase classname="org.example.TestRunner.TestRunner" name="runScenario" time="12.818"/>
  <system-out/>
</testsuite> <!-- org.example.TestRunner.TestRunner -->
